<?xml version="1.0" encoding="UTF-8"?>
<testsuite xmlns:xsi="http://www.w3.org/2001/XMLSchema-instance" xsi:noNamespaceSchemaLocation="https://maven.apache.org/surefire/maven-surefire-plugin/xsd/surefire-test-report-3.0.xsd" version="3.0" name="iti.hadeer.ServiceTest" time="1.682" tests="6" errors="0" skipped="0" failures="0">
  <properties>
[...]
</properties>
  <testcase name="getExistedEmployee" classname="iti.hadeer.ServiceTest" time="0.115"/>
  <testcase name="getNonExistingEmployee" classname="iti.hadeer.ServiceTest" time="0.008"/>
  <testcase name="addEmployee" classname="iti.hadeer.ServiceTest" time="0.199">
    <system-out><![CDATA[iti.hadeer.employeeservices.Employee@33aa93c]]></system-out>
  </testcase>
  <testcase name="deleteNonExistingEmployee" classname="iti.hadeer.ServiceTest" time="0.009"/>
  <testcase name="deleteExistingEmployee" classname="iti.hadeer.ServiceTest" time="0.194"/>
  <testcase name="updateEmployee" classname="iti.hadeer.ServiceTest" time="0.006"/>
</testsuite>